============================================
Wresl Checker 2790
============================================
Parsing file: c:\mp2013\callite\dynamicsjrmerge\callite_sacsjr\run\main_bo.wresl
Parsing file: c:\mp2013\callite\dynamicsjrmerge\callite_sacsjr\run\assumptions\options_switches.wresl
Parsing file: c:\mp2013\callite\dynamicsjrmerge\callite_sacsjr\run\sanjoaquin\dynamic_sjr_setup.wresl
Parsing file: c:\mp2013\callite\dynamicsjrmerge\callite_sacsjr\run\sanjoaquin\various\definitions\sjr_gwpumpingsplits.wresl
Parsing file: c:\mp2013\callite\dynamicsjrmerge\callite_sacsjr\run\restoration\aprpartinflow.wresl
Parsing file: c:\mp2013\callite\dynamicsjrmerge\callite_sacsjr\run\system_sjr\system_sjr.wresl
Parsing file: c:\mp2013\callite\dynamicsjrmerge\callite_sacsjr\run\system_sjr\systemtables_sjr\inflow-table.wresl
Parsing file: c:\mp2013\callite\dynamicsjrmerge\callite_sacsjr\run\system_sjr\systemtables_sjr\channel-table.wresl
Parsing file: c:\mp2013\callite\dynamicsjrmerge\callite_sacsjr\run\system_sjr\systemtables_sjr\delivery-table.wresl
Parsing file: c:\mp2013\callite\dynamicsjrmerge\callite_sacsjr\run\system_sjr\systemtables_sjr\return-table.wresl
Parsing file: c:\mp2013\callite\dynamicsjrmerge\callite_sacsjr\run\system_sjr\systemtables_sjr\reservoir-table.wresl
Parsing file: c:\mp2013\callite\dynamicsjrmerge\callite_sacsjr\run\system_sjr\systemtables_sjr\accrdepl-table.wresl
Parsing file: c:\mp2013\callite\dynamicsjrmerge\callite_sacsjr\run\system_sjr\systemtables_sjr\connectivity-table.wresl
Parsing file: c:\mp2013\callite\dynamicsjrmerge\callite_sacsjr\run\sanjoaquin\integratedoperations\integratedoperationscommon1.wresl
Parsing file: c:\mp2013\callite\dynamicsjrmerge\callite_sacsjr\run\sanjoaquin\integratedoperations\conv_control_0000.wresl
Parsing file: c:\mp2013\callite\dynamicsjrmerge\callite_sacsjr\run\sanjoaquin\integratedoperations\int_control_00.wresl
Parsing file: c:\mp2013\callite\dynamicsjrmerge\callite_sacsjr\run\sanjoaquin\integratedoperations\system\usjrs\inflow-table.wresl
Parsing file: c:\mp2013\callite\dynamicsjrmerge\callite_sacsjr\run\sanjoaquin\integratedoperations\system\system_usjrs_io_base.wresl
Parsing file: c:\mp2013\callite\dynamicsjrmerge\callite_sacsjr\run\sanjoaquin\integratedoperations\system\usjrs\channel-table.wresl
Parsing file: c:\mp2013\callite\dynamicsjrmerge\callite_sacsjr\run\sanjoaquin\integratedoperations\system\usjrs\base\reservoir-table.wresl
Parsing file: c:\mp2013\callite\dynamicsjrmerge\callite_sacsjr\run\sanjoaquin\integratedoperations\system\usjrs\usjr_storage_accounting.wresl
Parsing file: c:\mp2013\callite\dynamicsjrmerge\callite_sacsjr\run\sanjoaquin\integratedoperations\system\usjrs\connectivity-table.wresl
Parsing file: c:\mp2013\callite\dynamicsjrmerge\callite_sacsjr\run\wytypes\wytypes.wresl
Parsing file: c:\mp2013\callite\dynamicsjrmerge\callite_sacsjr\run\system\cycle1thru5systemdefslocal.wresl
Parsing file: c:\mp2013\callite\dynamicsjrmerge\callite_sacsjr\run\hydrology\forecast\cvpforecasts.wresl
Parsing file: c:\mp2013\callite\dynamicsjrmerge\callite_sacsjr\run\cvp_dellogic\cvpsysdeliverylogiccycle1.wresl
Parsing file: c:\mp2013\callite\dynamicsjrmerge\callite_sacsjr\run\cvp_dellogic\cvp_delivery_logic_south\cvp_demands_south.wresl
Parsing file: c:\mp2013\callite\dynamicsjrmerge\callite_sacsjr\run\cvp_dellogic\cvp_delivery_logic_system\jamesbypass_bankscvpcapacity.wresl
Parsing file: c:\mp2013\callite\dynamicsjrmerge\callite_sacsjr\run\cvp_dellogic\cvp_delivery_logic_system\sum_cvp_demands_system.wresl
Parsing file: c:\mp2013\callite\dynamicsjrmerge\callite_sacsjr\run\cvp_dellogic\cvp_delivery_logic_system\wsianddi_cvp_system.wresl
Parsing file: c:\mp2013\callite\dynamicsjrmerge\callite_sacsjr\run\cvp_dellogic\cvp_delivery_logic_system\delivery_carryover_split_cvp_system.wresl
Parsing file: c:\mp2013\callite\dynamicsjrmerge\callite_sacsjr\run\cvp_dellogic\cvp_delivery_logic_system\cvpcut_system.wresl
Parsing file: c:\mp2013\callite\dynamicsjrmerge\callite_sacsjr\run\sanjoaquin\various\definitions\sjr_channelsplits.wresl
Parsing file: c:\mp2013\callite\dynamicsjrmerge\callite_sacsjr\run\cvp_dellogic\cvpsdeliverylogiccycle1.wresl
Parsing file: c:\mp2013\callite\dynamicsjrmerge\callite_sacsjr\run\cvp_dellogic\cvp_delivery_logic_south\export_index_delivery_cvp.wresl
Parsing file: c:\mp2013\callite\dynamicsjrmerge\callite_sacsjr\run\cvp_dellogic\cvp_delivery_logic_south\delcar_cvp_south_b2bo.wresl
Parsing file: c:\mp2013\callite\dynamicsjrmerge\callite_sacsjr\run\cvp_dellogic\cvp_delivery_logic_south\cvpcut_south.wresl
Parsing file: c:\mp2013\callite\dynamicsjrmerge\callite_sacsjr\run\cvp_dellogic\cvp_delivery_logic_south\cvp_arcsplit_s_cyc1.wresl
Parsing file: c:\mp2013\callite\dynamicsjrmerge\callite_sacsjr\run\sanjoaquin\friant\sjrr_rest.wresl
Parsing file: c:\mp2013\callite\dynamicsjrmerge\callite_sacsjr\run\sanjoaquin\sanjoaquincorea.wresl
Parsing file: c:\mp2013\callite\dynamicsjrmerge\callite_sacsjr\run\sanjoaquin\various\definitions\sjr_aggreg.wresl
Parsing file: c:\mp2013\callite\dynamicsjrmerge\callite_sacsjr\run\sanjoaquin\various\definitions\previous_wyt_sjr.wresl
Parsing file: c:\mp2013\callite\dynamicsjrmerge\callite_sacsjr\run\sanjoaquin\various\definitions\sjr_deliverysplits.wresl
Parsing file: c:\mp2013\callite\dynamicsjrmerge\callite_sacsjr\run\sanjoaquin\friant\friant.wresl
Parsing file: c:\mp2013\callite\dynamicsjrmerge\callite_sacsjr\run\sanjoaquin\friant\restoration_16b.wresl
Parsing file: c:\mp2013\callite\dynamicsjrmerge\callite_sacsjr\run\sanjoaquin\friant\friant_adj_fld_spc.wresl
Parsing file: c:\mp2013\callite\dynamicsjrmerge\callite_sacsjr\run\sanjoaquin\friant\friant_wsf.wresl
Parsing file: c:\mp2013\callite\dynamicsjrmerge\callite_sacsjr\run\sanjoaquin\friant\friant_allocation.wresl
Parsing file: c:\mp2013\callite\dynamicsjrmerge\callite_sacsjr\run\sanjoaquin\friant\friant_delivery.wresl
Parsing file: c:\mp2013\callite\dynamicsjrmerge\callite_sacsjr\run\sanjoaquin\friant\friant_rain_fld_est.wresl
Parsing file: c:\mp2013\callite\dynamicsjrmerge\callite_sacsjr\run\sanjoaquin\friant\friant_delivery_adjustments.wresl
Parsing file: c:\mp2013\callite\dynamicsjrmerge\callite_sacsjr\run\sanjoaquin\friant\friant_operation.wresl
Parsing file: c:\mp2013\callite\dynamicsjrmerge\callite_sacsjr\run\sanjoaquin\various\definitions\sjr_restrict.wresl
Parsing file: c:\mp2013\callite\dynamicsjrmerge\callite_sacsjr\run\sanjoaquin\southernsjr\southernsjr_dems.wresl
Parsing file: c:\mp2013\callite\dynamicsjrmerge\callite_sacsjr\run\sanjoaquin\merced\merced_dems.wresl
Parsing file: c:\mp2013\callite\dynamicsjrmerge\callite_sacsjr\run\sanjoaquin\tuolumne\tuolumne_dems.wresl
Parsing file: c:\mp2013\callite\dynamicsjrmerge\callite_sacsjr\run\sanjoaquin\stanislaus\newmelonesforecast.wresl
Parsing file: c:\mp2013\callite\dynamicsjrmerge\callite_sacsjr\run\sanjoaquin\stanislaus\stan_defs.wresl
Parsing file: c:\mp2013\callite\dynamicsjrmerge\callite_sacsjr\run\sanjoaquin\stanislaus\stanislaus_dems.wresl
Parsing file: c:\mp2013\callite\dynamicsjrmerge\callite_sacsjr\run\sanjoaquin\sanjoaquincoreb.wresl
Parsing file: c:\mp2013\callite\dynamicsjrmerge\callite_sacsjr\run\sanjoaquin\returnflows\westsidereturns_stub.wresl
Parsing file: c:\mp2013\callite\dynamicsjrmerge\callite_sacsjr\run\sanjoaquin\waterquality\wq_defs_disag.wresl
Parsing file: c:\mp2013\callite\dynamicsjrmerge\callite_sacsjr\run\sanjoaquin\delta\dwsp_arc_split.wresl
Parsing file: c:\mp2013\callite\dynamicsjrmerge\callite_sacsjr\run\sanjoaquin\friant\sjr_rest_req_local.wresl
Parsing file: c:\mp2013\callite\dynamicsjrmerge\callite_sacsjr\run\sanjoaquin\delta\zeroaowater.wresl
Parsing file: c:\mp2013\callite\dynamicsjrmerge\callite_sacsjr\run\sanjoaquin\various\setwsreturns\setwsretcycle1thru5.wresl
Parsing file: c:\mp2013\callite\dynamicsjrmerge\callite_sacsjr\run\sanjoaquin\purchasedwater\instreamfromoid.wresl
Parsing file: c:\mp2013\callite\dynamicsjrmerge\callite_sacsjr\run\sanjoaquin\stanislaus\stan_fw_min.wresl
Parsing file: c:\mp2013\callite\dynamicsjrmerge\callite_sacsjr\run\sanjoaquin\tuolumne\tuol_ferc_min.wresl
Parsing file: c:\mp2013\callite\dynamicsjrmerge\callite_sacsjr\run\sanjoaquin\various\bounds_cycles\bounds_cycle1.wresl
Parsing file: c:\mp2013\callite\dynamicsjrmerge\callite_sacsjr\run\system_sjr\systemtables_sjr\weight-table.wresl
Parsing file: c:\mp2013\callite\dynamicsjrmerge\callite_sacsjr\run\sanjoaquin\integratedoperations\integratedoperationscommon2.wresl
Parsing file: c:\mp2013\callite\dynamicsjrmerge\callite_sacsjr\run\sanjoaquin\integratedoperations\system\usjrs\weight-table.wresl
Parsing file: c:\mp2013\callite\dynamicsjrmerge\callite_sacsjr\run\sanjoaquin\integratedoperations\tfbypass.wresl
Parsing file: c:\mp2013\callite\dynamicsjrmerge\callite_sacsjr\run\sanjoaquin\integratedoperations\system\ca\channel-table.wresl
Parsing file: c:\mp2013\callite\dynamicsjrmerge\callite_sacsjr\run\sanjoaquin\integratedoperations\system\system_fkc_io.wresl
Parsing file: c:\mp2013\callite\dynamicsjrmerge\callite_sacsjr\run\sanjoaquin\integratedoperations\system\fkc\channel-table.wresl
Parsing file: c:\mp2013\callite\dynamicsjrmerge\callite_sacsjr\run\sanjoaquin\integratedoperations\system\fkc\delivery-table.wresl
Parsing file: c:\mp2013\callite\dynamicsjrmerge\callite_sacsjr\run\sanjoaquin\integratedoperations\system\fkc\connectivity-table.wresl
Parsing file: c:\mp2013\callite\dynamicsjrmerge\callite_sacsjr\run\sanjoaquin\integratedoperations\crossvalleyconveyancearcs2.wresl
Parsing file: c:\mp2013\callite\dynamicsjrmerge\callite_sacsjr\run\sanjoaquin\integratedoperations\fk_del_dist50.wresl
Parsing file: c:\mp2013\callite\dynamicsjrmerge\callite_sacsjr\run\sanjoaquin\integratedoperations\system\fkc\weight-table.wresl
Parsing file: c:\mp2013\callite\dynamicsjrmerge\callite_sacsjr\run\sanjoaquin\integratedoperations\integratedoperationscyc1.wresl
Parsing file: c:\mp2013\callite\dynamicsjrmerge\callite_sacsjr\run\sanjoaquin\integratedoperations\usjrs_io_off.wresl
Parsing file: c:\mp2013\callite\dynamicsjrmerge\callite_sacsjr\run\sanjoaquin\integratedoperations\cvc_off.wresl
Parsing file: c:\mp2013\callite\dynamicsjrmerge\callite_sacsjr\run\sanjoaquin\delta\cosma_dmd.wresl
Parsing file: c:\mp2013\callite\dynamicsjrmerge\callite_sacsjr\run\sanjoaquin\calaveras\calaveras_dems_stocktondwsp.wresl
Parsing file: c:\mp2013\callite\dynamicsjrmerge\callite_sacsjr\run\sanjoaquin\delta\cosma_restrict.wresl
Parsing file: c:\mp2013\callite\dynamicsjrmerge\callite_sacsjr\run\sanjoaquin\waterquality\disaggregation\westsidereturns\wsreturnc1_stub.wresl
Parsing file: c:\mp2013\callite\dynamicsjrmerge\callite_sacsjr\run\sanjoaquin\waterquality\vernalis_wqmin_disag.wresl
Parsing file: c:\mp2013\callite\dynamicsjrmerge\callite_sacsjr\run\sanjoaquin\groundwater\sjrgw_restrict.wresl
Parsing file: c:\mp2013\callite\dynamicsjrmerge\callite_sacsjr\run\sanjoaquin\various\bounds_cycles\bounds_cycle2.wresl
Parsing file: c:\mp2013\callite\dynamicsjrmerge\callite_sacsjr\run\sanjoaquin\friant\sjr_rest_pulse_local.wresl
Parsing file: c:\mp2013\callite\dynamicsjrmerge\callite_sacsjr\run\sanjoaquin\stanislaus\stan_fw_pulse.wresl
Parsing file: c:\mp2013\callite\dynamicsjrmerge\callite_sacsjr\run\sanjoaquin\tuolumne\tuol_ferc_pulse.wresl
Parsing file: c:\mp2013\callite\dynamicsjrmerge\callite_sacsjr\run\sanjoaquin\various\bounds_cycles\bounds_cycle3.wresl
Parsing file: c:\mp2013\callite\dynamicsjrmerge\callite_sacsjr\run\sanjoaquin\waterquality\disaggregation\westsidereturns\wsreturnc3_stub.wresl
Parsing file: c:\mp2013\callite\dynamicsjrmerge\callite_sacsjr\run\sanjoaquin\waterquality\vernalis_wqpulse_disag.wresl
Parsing file: c:\mp2013\callite\dynamicsjrmerge\callite_sacsjr\run\sanjoaquin\various\bounds_cycles\bounds_cycle4.wresl
Parsing file: c:\mp2013\callite\dynamicsjrmerge\callite_sacsjr\run\sanjoaquin\vamp\vamp_req.wresl
Parsing file: c:\mp2013\callite\dynamicsjrmerge\callite_sacsjr\run\sanjoaquin\vamp\vamp_alloc.wresl
Parsing file: c:\mp2013\callite\dynamicsjrmerge\callite_sacsjr\run\sanjoaquin\stanislaus\do.wresl
Parsing file: c:\mp2013\callite\dynamicsjrmerge\callite_sacsjr\run\sanjoaquin\various\bounds_cycles\bounds_cycle5.wresl
Parsing file: c:\mp2013\callite\dynamicsjrmerge\callite_sacsjr\run\delta\deltaextfuncs_7inpann.wresl
Parsing file: c:\mp2013\callite\dynamicsjrmerge\callite_sacsjr\run\swp_dellogic\allocation\co_extfcn.wresl
Parsing file: c:\mp2013\callite\dynamicsjrmerge\callite_sacsjr\run\system\system.wresl
Parsing file: c:\mp2013\callite\dynamicsjrmerge\callite_sacsjr\run\system\inflow-table.wresl
Parsing file: c:\mp2013\callite\dynamicsjrmerge\callite_sacsjr\run\system\channel-table.wresl
Parsing file: c:\mp2013\callite\dynamicsjrmerge\callite_sacsjr\run\system\reservoir-table.wresl
Parsing file: c:\mp2013\callite\dynamicsjrmerge\callite_sacsjr\run\system\delivery-table.wresl
Parsing file: c:\mp2013\callite\dynamicsjrmerge\callite_sacsjr\run\system\accrdepl-table.wresl
Parsing file: c:\mp2013\callite\dynamicsjrmerge\callite_sacsjr\run\system\sod_swp_terminal_res_ops.wresl
Parsing file: c:\mp2013\callite\dynamicsjrmerge\callite_sacsjr\run\hydrology\weirs\weir_steps_monthops.wresl
Parsing file: c:\mp2013\callite\dynamicsjrmerge\callite_sacsjr\run\assumptions\assumption.wresl
Parsing file: c:\mp2013\callite\dynamicsjrmerge\callite_sacsjr\run\hydrology\demands\demands_defs.wresl
Parsing file: c:\mp2013\callite\dynamicsjrmerge\callite_sacsjr\run\hydrology\demands\demands_redblf_defs.wresl
Parsing file: c:\mp2013\callite\dynamicsjrmerge\callite_sacsjr\run\hydrology\demands\demands_wilkinsslough_defs.wresl
Parsing file: c:\mp2013\callite\dynamicsjrmerge\callite_sacsjr\run\hydrology\demands\demands_65_defs.wresl
Parsing file: c:\mp2013\callite\dynamicsjrmerge\callite_sacsjr\run\hydrology\demands\demands_69_defs.wresl
Parsing file: c:\mp2013\callite\dynamicsjrmerge\callite_sacsjr\run\hydrology\demands\demands_69.wresl
Parsing file: c:\mp2013\callite\dynamicsjrmerge\callite_sacsjr\run\hydrology\demands\demands_70_defs.wresl
Parsing file: c:\mp2013\callite\dynamicsjrmerge\callite_sacsjr\run\hydrology\refuges\refuge_defs.wresl
Parsing file: c:\mp2013\callite\dynamicsjrmerge\callite_sacsjr\run\swp_dellogic\swpdeliverylogic.wresl
Parsing file: c:\mp2013\callite\dynamicsjrmerge\callite_sacsjr\run\swp_dellogic\demands\swp_arcsplit.wresl
Parsing file: c:\mp2013\callite\dynamicsjrmerge\callite_sacsjr\run\swp_dellogic\deliveries\sumswpdel.wresl
Parsing file: c:\mp2013\callite\dynamicsjrmerge\callite_sacsjr\run\swp_dellogic\deliveries\swp_delivery_summary.wresl
Parsing file: c:\mp2013\callite\dynamicsjrmerge\callite_sacsjr\run\swp_dellogic\wsi_di\wsi_swp.wresl
Parsing file: c:\mp2013\callite\dynamicsjrmerge\callite_sacsjr\run\swp_dellogic\wsi_di\di_swp.wresl
Parsing file: c:\mp2013\callite\dynamicsjrmerge\callite_sacsjr\run\swp_dellogic\wsi_di\export_index_swp.wresl
Parsing file: c:\mp2013\callite\dynamicsjrmerge\callite_sacsjr\run\swp_dellogic\wsi_di\exp_based_del_swp_s.wresl
Parsing file: c:\mp2013\callite\dynamicsjrmerge\callite_sacsjr\run\swp_dellogic\wsi_di\delcar_swp.wresl
Parsing file: c:\mp2013\callite\dynamicsjrmerge\callite_sacsjr\run\swp_dellogic\demands\swp_demands_s.wresl
Parsing file: c:\mp2013\callite\dynamicsjrmerge\callite_sacsjr\run\swp_dellogic\allocation\swp_contractor_perdel_a.wresl
Parsing file: c:\mp2013\callite\dynamicsjrmerge\callite_sacsjr\run\swp_dellogic\allocation\carryover_allocation.wresl
Parsing file: c:\mp2013\callite\dynamicsjrmerge\callite_sacsjr\run\swp_dellogic\allocation\swp_contractor_perdel_b.wresl
Parsing file: c:\mp2013\callite\dynamicsjrmerge\callite_sacsjr\run\swp_dellogic\allocation\swp_feather_perdel.wresl
Parsing file: c:\mp2013\callite\dynamicsjrmerge\callite_sacsjr\run\swp_dellogic\deliveries\swp_bound_del.wresl
Parsing file: c:\mp2013\callite\dynamicsjrmerge\callite_sacsjr\run\cvp_dellogic\cvp_delivery_logic_system.wresl
Parsing file: c:\mp2013\callite\dynamicsjrmerge\callite_sacsjr\run\cvp_dellogic\cvp_delivery_logic_south.wresl
Parsing file: c:\mp2013\callite\dynamicsjrmerge\callite_sacsjr\run\cvp_dellogic\cvp_delivery_logic_south\cvp_arcsplit_south.wresl
Parsing file: c:\mp2013\callite\dynamicsjrmerge\callite_sacsjr\run\cvp_dellogic\cvp_delivery_logic_south\cvp_bound_del_south.wresl
Parsing file: c:\mp2013\callite\dynamicsjrmerge\callite_sacsjr\run\cvp_dellogic\cvp_delivery_logic_south\cvp_to_swp_south.wresl
Parsing file: c:\mp2013\callite\dynamicsjrmerge\callite_sacsjr\run\swp_dellogic\conveyance_limits.wresl
Parsing file: c:\mp2013\callite\dynamicsjrmerge\callite_sacsjr\run\hydrology\demands\demands.wresl
Parsing file: c:\mp2013\callite\dynamicsjrmerge\callite_sacsjr\run\hydrology\refuges\refuges.wresl
Parsing file: c:\mp2013\callite\dynamicsjrmerge\callite_sacsjr\run\hydrology\demands\demands_redblf.wresl
Parsing file: c:\mp2013\callite\dynamicsjrmerge\callite_sacsjr\run\hydrology\demands\demands_wilkinsslough.wresl
Parsing file: c:\mp2013\callite\dynamicsjrmerge\callite_sacsjr\run\hydrology\demands\demands_65.wresl
Parsing file: c:\mp2013\callite\dynamicsjrmerge\callite_sacsjr\run\hydrology\demands\demands_70.wresl
Parsing file: c:\mp2013\callite\dynamicsjrmerge\callite_sacsjr\run\hydrology\demands\demands_sum_sacame_folsm_nimbus.wresl
Parsing file: c:\mp2013\callite\dynamicsjrmerge\callite_sacsjr\run\northofdelta\nod.wresl
Parsing file: c:\mp2013\callite\dynamicsjrmerge\callite_sacsjr\run\northofdelta\american\folrulecurv.wresl
Parsing file: c:\mp2013\callite\dynamicsjrmerge\callite_sacsjr\run\northofdelta\american\americanmin.wresl
Parsing file: c:\mp2013\callite\dynamicsjrmerge\callite_sacsjr\run\northofdelta\american\fmstandard.wresl
Parsing file: c:\mp2013\callite\dynamicsjrmerge\callite_sacsjr\run\northofdelta\american\nimbuspower.wresl
Parsing file: c:\mp2013\callite\dynamicsjrmerge\callite_sacsjr\run\northofdelta\clear_creek\clear_ck_min.wresl
Parsing file: c:\mp2013\callite\dynamicsjrmerge\callite_sacsjr\run\northofdelta\trinity\trinrulecurv.wresl
Parsing file: c:\mp2013\callite\dynamicsjrmerge\callite_sacsjr\run\northofdelta\sacramento\sharulecurv.wresl
Parsing file: c:\mp2013\callite\dynamicsjrmerge\callite_sacsjr\run\northofdelta\trinity\trinitymin.wresl
Parsing file: c:\mp2013\callite\dynamicsjrmerge\callite_sacsjr\run\northofdelta\trinity\trinitydampower.wresl
Parsing file: c:\mp2013\callite\dynamicsjrmerge\callite_sacsjr\run\northofdelta\trinity\trinity_import.wresl
Parsing file: c:\mp2013\callite\dynamicsjrmerge\callite_sacsjr\run\northofdelta\trinity\lewistonspill.wresl
Parsing file: c:\mp2013\callite\dynamicsjrmerge\callite_sacsjr\run\northofdelta\sacramento\keswickmin.wresl
Parsing file: c:\mp2013\callite\dynamicsjrmerge\callite_sacsjr\run\northofdelta\sacramento\keswickpower.wresl
Parsing file: c:\mp2013\callite\dynamicsjrmerge\callite_sacsjr\run\northofdelta\sacramento\redbluff_bypassflow.wresl
Parsing file: c:\mp2013\callite\dynamicsjrmerge\callite_sacsjr\run\northofdelta\sacramento\ncp_relax.wresl
Parsing file: c:\mp2013\callite\dynamicsjrmerge\callite_sacsjr\run\northofdelta\sacramento\setdailyadjmif.wresl
Parsing file: c:\mp2013\callite\dynamicsjrmerge\callite_sacsjr\run\northofdelta\feather\feather_special.wresl
Parsing file: c:\mp2013\callite\dynamicsjrmerge\callite_sacsjr\run\northofdelta\feather\ororulecurv.wresl
Parsing file: c:\mp2013\callite\dynamicsjrmerge\callite_sacsjr\run\northofdelta\feather\thermalitopower.wresl
Parsing file: c:\mp2013\callite\dynamicsjrmerge\callite_sacsjr\run\northofdelta\balance.wresl
Parsing file: c:\mp2013\callite\dynamicsjrmerge\callite_sacsjr\run\northofdelta\deliveries\swp_project_del.wresl
Parsing file: c:\mp2013\callite\dynamicsjrmerge\callite_sacsjr\run\rulecurve\rulecurve.wresl
Parsing file: c:\mp2013\callite\dynamicsjrmerge\callite_sacsjr\run\rulecurve\swpdeliv_rulecv.wresl
Parsing file: c:\mp2013\callite\dynamicsjrmerge\callite_sacsjr\run\rulecurve\swprule.wresl
Parsing file: c:\mp2013\callite\dynamicsjrmerge\callite_sacsjr\run\rulecurve\cvp_delivery_rule_curve.wresl
Parsing file: c:\mp2013\callite\dynamicsjrmerge\callite_sacsjr\run\delta\chips_days.wresl
Parsing file: c:\mp2013\callite\dynamicsjrmerge\callite_sacsjr\run\rulecurve\san_luis_levels.wresl
Parsing file: c:\mp2013\callite\dynamicsjrmerge\callite_sacsjr\run\export_ops\export_ops.wresl
Parsing file: c:\mp2013\callite\dynamicsjrmerge\callite_sacsjr\run\export_ops\bankssplit.wresl
Parsing file: c:\mp2013\callite\dynamicsjrmerge\callite_sacsjr\run\export_ops\jonessplit.wresl
Parsing file: c:\mp2013\callite\dynamicsjrmerge\callite_sacsjr\run\export_ops\banks_limits.wresl
Parsing file: c:\mp2013\callite\dynamicsjrmerge\callite_sacsjr\run\export_ops\banks_pump_allow.wresl
Parsing file: c:\mp2013\callite\dynamicsjrmerge\callite_sacsjr\run\export_ops\jones_limits.wresl
Parsing file: c:\mp2013\callite\dynamicsjrmerge\callite_sacsjr\run\export_ops\jones_pump_allow.wresl
Parsing file: c:\mp2013\callite\dynamicsjrmerge\callite_sacsjr\run\export_ops\exportratio.wresl
Parsing file: c:\mp2013\callite\dynamicsjrmerge\callite_sacsjr\run\export_ops\april_may_maxexport.wresl
Parsing file: c:\mp2013\callite\dynamicsjrmerge\callite_sacsjr\run\export_ops\intertie.wresl
Parsing file: c:\mp2013\callite\dynamicsjrmerge\callite_sacsjr\run\wheeling\wheelopsvardefines.wresl
Parsing file: c:\mp2013\callite\dynamicsjrmerge\callite_sacsjr\run\wheeling\wheelzerocvc.wresl
Parsing file: c:\mp2013\callite\dynamicsjrmerge\callite_sacsjr\run\wheeling\wheelzerojpod.wresl
Parsing file: c:\mp2013\callite\dynamicsjrmerge\callite_sacsjr\run\coa\coa_up.wresl
Parsing file: c:\mp2013\callite\dynamicsjrmerge\callite_sacsjr\run\delta\ann\exportestimate1_up.wresl
Parsing file: c:\mp2013\callite\dynamicsjrmerge\callite_sacsjr\run\delta\delta.wresl
Parsing file: c:\mp2013\callite\dynamicsjrmerge\callite_sacsjr\run\delta\specprojects.wresl
Parsing file: c:\mp2013\callite\dynamicsjrmerge\callite_sacsjr\run\delta\vallejo.wresl
Parsing file: c:\mp2013\callite\dynamicsjrmerge\callite_sacsjr\run\delta\xc-gates.wresl
Parsing file: c:\mp2013\callite\dynamicsjrmerge\callite_sacsjr\run\delta\delta-outflow.wresl
Parsing file: c:\mp2013\callite\dynamicsjrmerge\callite_sacsjr\run\delta\delta_ann.wresl
Parsing file: c:\mp2013\callite\dynamicsjrmerge\callite_sacsjr\run\delta\ann\anncommon.wresl
Parsing file: c:\mp2013\callite\dynamicsjrmerge\callite_sacsjr\run\delta\ann\jerseypoint_data.wresl
Parsing file: c:\mp2013\callite\dynamicsjrmerge\callite_sacsjr\run\delta\ann\rockslough_data.wresl
Parsing file: c:\mp2013\callite\dynamicsjrmerge\callite_sacsjr\run\delta\ann\emmaton_data.wresl
Parsing file: c:\mp2013\callite\dynamicsjrmerge\callite_sacsjr\run\delta\ann\collins_data.wresl
Parsing file: c:\mp2013\callite\dynamicsjrmerge\callite_sacsjr\run\delta\ann\chipps_data.wresl
Parsing file: c:\mp2013\callite\dynamicsjrmerge\callite_sacsjr\run\delta\ann\ccfb_intake_data.wresl
Parsing file: c:\mp2013\callite\dynamicsjrmerge\callite_sacsjr\run\delta\ann\antioch_data.wresl
Parsing file: c:\mp2013\callite\dynamicsjrmerge\callite_sacsjr\run\delta\ann\victoria_intake_data.wresl
Parsing file: c:\mp2013\callite\dynamicsjrmerge\callite_sacsjr\run\delta\ann\middleriver_data.wresl
Parsing file: c:\mp2013\callite\dynamicsjrmerge\callite_sacsjr\run\delta\ann\losvaqueros_data.wresl
Parsing file: c:\mp2013\callite\dynamicsjrmerge\callite_sacsjr\run\delta\ann\cvp_intake_data.wresl
Parsing file: c:\mp2013\callite\dynamicsjrmerge\callite_sacsjr\run\delta\ann\exportestimate2.wresl
Parsing file: c:\mp2013\callite\dynamicsjrmerge\callite_sacsjr\run\delta\ann\jerseypoint_est.wresl
Parsing file: c:\mp2013\callite\dynamicsjrmerge\callite_sacsjr\run\delta\ann\rockslough_est.wresl
Parsing file: c:\mp2013\callite\dynamicsjrmerge\callite_sacsjr\run\delta\ann\emmaton_est.wresl
Parsing file: c:\mp2013\callite\dynamicsjrmerge\callite_sacsjr\run\delta\ann\collins_est.wresl
Parsing file: c:\mp2013\callite\dynamicsjrmerge\callite_sacsjr\run\delta\ann\annsacflow.wresl
Parsing file: c:\mp2013\callite\dynamicsjrmerge\callite_sacsjr\run\delta\ann\jerseypoint_constrain.wresl
Parsing file: c:\mp2013\callite\dynamicsjrmerge\callite_sacsjr\run\delta\ann\rockslough_constrain.wresl
Parsing file: c:\mp2013\callite\dynamicsjrmerge\callite_sacsjr\run\delta\ann\emmaton_constrain.wresl
Parsing file: c:\mp2013\callite\dynamicsjrmerge\callite_sacsjr\run\delta\ann\collins_constrain.wresl
Parsing file: c:\mp2013\callite\dynamicsjrmerge\callite_sacsjr\run\delta\ann\negcarriageopslimit.wresl
Parsing file: c:\mp2013\callite\dynamicsjrmerge\callite_sacsjr\run\delta\ann\jerseypoint_output.wresl
Parsing file: c:\mp2013\callite\dynamicsjrmerge\callite_sacsjr\run\delta\ann\rockslough_output.wresl
Parsing file: c:\mp2013\callite\dynamicsjrmerge\callite_sacsjr\run\delta\ann\emmaton_output.wresl
Parsing file: c:\mp2013\callite\dynamicsjrmerge\callite_sacsjr\run\delta\ann\collins_output.wresl
Parsing file: c:\mp2013\callite\dynamicsjrmerge\callite_sacsjr\run\delta\ann\ann_coa_mrdo.wresl
Parsing file: c:\mp2013\callite\dynamicsjrmerge\callite_sacsjr\run\delta\ann\annsjrdynamic.wresl
Parsing file: c:\mp2013\callite\dynamicsjrmerge\callite_sacsjr\run\delta\riovista.wresl
Parsing file: c:\mp2013\callite\dynamicsjrmerge\callite_sacsjr\run\delta\sodeltachannels.wresl
Parsing file: c:\mp2013\callite\dynamicsjrmerge\callite_sacsjr\run\delta\qwest_constraint.wresl
Parsing file: c:\mp2013\callite\dynamicsjrmerge\callite_sacsjr\run\delta\x2_bo_wq.wresl
Parsing file: c:\mp2013\callite\dynamicsjrmerge\callite_sacsjr\run\delta\ann\lastx2_ann_km.wresl
Parsing file: c:\mp2013\callite\dynamicsjrmerge\callite_sacsjr\run\delta\ann\x2days_fws_wq.wresl
Parsing file: c:\mp2013\callite\dynamicsjrmerge\callite_sacsjr\run\delta\ann\x2req_ann_km.wresl
Parsing file: c:\mp2013\callite\dynamicsjrmerge\callite_sacsjr\run\delta\final-mrdo.wresl
Parsing file: c:\mp2013\callite\dynamicsjrmerge\callite_sacsjr\run\b2actions\basestudyresults.wresl
Parsing file: c:\mp2013\callite\dynamicsjrmerge\callite_sacsjr\run\b2actions\b2action1repeat.wresl
Parsing file: c:\mp2013\callite\dynamicsjrmerge\callite_sacsjr\run\shortage\shortage.wresl
Parsing file: c:\mp2013\callite\dynamicsjrmerge\callite_sacsjr\run\shortage\shortage_cvp_s.wresl
Parsing file: c:\mp2013\callite\dynamicsjrmerge\callite_sacsjr\run\shortage\shortage_swp.wresl
Parsing file: c:\mp2013\callite\dynamicsjrmerge\callite_sacsjr\run\system\connectivity-table.wresl
Parsing file: c:\mp2013\callite\dynamicsjrmerge\callite_sacsjr\run\system\weight-table.wresl
Parsing file: c:\mp2013\callite\dynamicsjrmerge\callite_sacsjr\run\sanjoaquin\dynamic_sjr_setup_cyc6.wresl
Parsing file: c:\mp2013\callite\dynamicsjrmerge\callite_sacsjr\run\sanjoaquin\integratedoperations\sanluistransfers.wresl
Parsing file: c:\mp2013\callite\dynamicsjrmerge\callite_sacsjr\run\sanjoaquin\delta\cosma_restrict_c6_c7.wresl
Parsing file: c:\mp2013\callite\dynamicsjrmerge\callite_sacsjr\run\sanjoaquin\friant\sjr_rest_full.wresl
Parsing file: c:\mp2013\callite\dynamicsjrmerge\callite_sacsjr\run\sanjoaquin\integratedoperations\integratedoperationscyc6.wresl
Parsing file: c:\mp2013\callite\dynamicsjrmerge\callite_sacsjr\run\sanjoaquin\integratedoperations\crossvalleyconveyanceops.wresl
Parsing file: c:\mp2013\callite\dynamicsjrmerge\callite_sacsjr\run\sanjoaquin\integratedoperations\io_control.wresl
Parsing file: c:\mp2013\callite\dynamicsjrmerge\callite_sacsjr\run\sanjoaquin\sanjoaquinaddcyc6.wresl
Parsing file: c:\mp2013\callite\dynamicsjrmerge\callite_sacsjr\run\sanjoaquin\vamp\vamp_transfer.wresl
Parsing file: c:\mp2013\callite\dynamicsjrmerge\callite_sacsjr\run\sanjoaquin\stanislaus\stan_nmfs_rpa.wresl
Parsing file: c:\mp2013\callite\dynamicsjrmerge\callite_sacsjr\run\sanjoaquin\vernalis\mercedrelease_oct.wresl
Parsing file: c:\mp2013\callite\dynamicsjrmerge\callite_sacsjr\run\sanjoaquin\vernalis\vernalis_min.wresl
Parsing file: c:\mp2013\callite\dynamicsjrmerge\callite_sacsjr\run\sanjoaquin\waterquality\disaggregation\westsidereturns\wsreturnc2_stub.wresl
Parsing file: c:\mp2013\callite\dynamicsjrmerge\callite_sacsjr\run\sanjoaquin\waterquality\disaggregation\westsidereturns\wsreturnc5_stub.wresl
Parsing file: c:\mp2013\callite\dynamicsjrmerge\callite_sacsjr\run\sanjoaquin\various\bounds_cycles\bounds_cycle6_disag.wresl
Parsing file: c:\mp2013\callite\dynamicsjrmerge\callite_sacsjr\run\sanjoaquin\various\bounds_cycles\cycle6\vamp_bound.wresl
Parsing file: c:\mp2013\callite\dynamicsjrmerge\callite_sacsjr\run\sanjoaquin\various\bounds_cycles\cycle6\instream_bound.wresl
Parsing file: c:\mp2013\callite\dynamicsjrmerge\callite_sacsjr\run\sanjoaquin\various\bounds_cycles\cycle6\vernalis_bound.wresl
Parsing file: c:\mp2013\callite\dynamicsjrmerge\callite_sacsjr\run\sanjoaquin\various\bounds_cycles\cycle6\wq_bound_disag.wresl
Parsing file: c:\mp2013\callite\dynamicsjrmerge\callite_sacsjr\run\sanjoaquin\various\bounds_cycles\cycle6\eastside_bound.wresl
Parsing file: c:\mp2013\callite\dynamicsjrmerge\callite_sacsjr\run\sanjoaquin\various\cycleout\writecycle.wresl
Parsing file: c:\mp2013\callite\dynamicsjrmerge\callite_sacsjr\run\sanjoaquin\various\cycleout\cycle1out.wresl
Parsing file: c:\mp2013\callite\dynamicsjrmerge\callite_sacsjr\run\sanjoaquin\various\cycleout\cycle2out.wresl
Parsing file: c:\mp2013\callite\dynamicsjrmerge\callite_sacsjr\run\sanjoaquin\various\cycleout\cycle3out.wresl
Parsing file: c:\mp2013\callite\dynamicsjrmerge\callite_sacsjr\run\sanjoaquin\various\cycleout\cycle4out.wresl
Parsing file: c:\mp2013\callite\dynamicsjrmerge\callite_sacsjr\run\sanjoaquin\various\cycleout\cycle5out.wresl
Parsing file: c:\mp2013\callite\dynamicsjrmerge\callite_sacsjr\run\coa\coa.wresl
Parsing file: c:\mp2013\callite\dynamicsjrmerge\callite_sacsjr\run\delta\ann\exportestimate1.wresl
Parsing file: c:\mp2013\callite\dynamicsjrmerge\callite_sacsjr\run\hydrology\weirs\weir_steps_dailyops_setup.wresl
Parsing file: c:\mp2013\callite\dynamicsjrmerge\callite_sacsjr\run\hydrology\weirs\read_dailypattern_sacrfreeport.wresl
Parsing file: c:\mp2013\callite\dynamicsjrmerge\callite_sacsjr\run\hydrology\weirs\weir_steps_dailyops.wresl
Parsing file: c:\mp2013\callite\dynamicsjrmerge\callite_sacsjr\run\b2actions\b2setbaseline.wresl
Parsing file: c:\mp2013\callite\dynamicsjrmerge\callite_sacsjr\run\b2actions\b2actionsdeltarepeat.wresl
Parsing file: c:\mp2013\callite\dynamicsjrmerge\callite_sacsjr\run\b2actions\b2vampcommon.wresl
Parsing file: c:\mp2013\callite\dynamicsjrmerge\callite_sacsjr\run\b2actions\b2action2.wresl
Parsing file: c:\mp2013\callite\dynamicsjrmerge\callite_sacsjr\run\b2actions\b2action3.wresl
Parsing file: c:\mp2013\callite\dynamicsjrmerge\callite_sacsjr\run\b2actions\b2action4repeat.wresl
Parsing file: c:\mp2013\callite\dynamicsjrmerge\callite_sacsjr\run\b2actions\b2action5repeat.wresl
Parsing file: c:\mp2013\callite\dynamicsjrmerge\callite_sacsjr\run\b2actions\b2action6.wresl
Parsing file: c:\mp2013\callite\dynamicsjrmerge\callite_sacsjr\run\b2actions\b2action7.wresl
Parsing file: c:\mp2013\callite\dynamicsjrmerge\callite_sacsjr\run\b2actions\b2banksfix.wresl
Parsing file: c:\mp2013\callite\dynamicsjrmerge\callite_sacsjr\run\delta\ann\exportestimate1_b2.wresl
Parsing file: c:\mp2013\callite\dynamicsjrmerge\callite_sacsjr\run\delta\delta_reduced_calls.wresl
Parsing file: c:\mp2013\callite\dynamicsjrmerge\callite_sacsjr\run\delta\delta_ann_reduced_calls.wresl
Parsing file: c:\mp2013\callite\dynamicsjrmerge\callite_sacsjr\run\delta\ann\jerseypoint_data_reduced_calls.wresl
Parsing file: c:\mp2013\callite\dynamicsjrmerge\callite_sacsjr\run\delta\ann\rockslough_data_reduced_calls.wresl
Parsing file: c:\mp2013\callite\dynamicsjrmerge\callite_sacsjr\run\delta\ann\emmaton_data_reduced_calls.wresl
Parsing file: c:\mp2013\callite\dynamicsjrmerge\callite_sacsjr\run\delta\ann\collins_data_reduced_calls.wresl
Parsing file: c:\mp2013\callite\dynamicsjrmerge\callite_sacsjr\run\delta\ann\chipps_data_reduced_calls.wresl
Parsing file: c:\mp2013\callite\dynamicsjrmerge\callite_sacsjr\run\delta\ann\ccfb_intake_data_reduced_calls.wresl
Parsing file: c:\mp2013\callite\dynamicsjrmerge\callite_sacsjr\run\delta\ann\antioch_data_reduced_calls.wresl
Parsing file: c:\mp2013\callite\dynamicsjrmerge\callite_sacsjr\run\delta\ann\victoria_intake_data_reduced_calls.wresl
Parsing file: c:\mp2013\callite\dynamicsjrmerge\callite_sacsjr\run\delta\ann\middleriver_data_reduced_calls.wresl
Parsing file: c:\mp2013\callite\dynamicsjrmerge\callite_sacsjr\run\delta\ann\losvaqueros_data_reduced_calls.wresl
Parsing file: c:\mp2013\callite\dynamicsjrmerge\callite_sacsjr\run\delta\ann\cvp_intake_data_reduced_calls.wresl
Parsing file: c:\mp2013\callite\dynamicsjrmerge\callite_sacsjr\run\export_ops\omr\delta_rpa_init.wresl
Parsing file: c:\mp2013\callite\dynamicsjrmerge\callite_sacsjr\run\export_ops\fws_smelt_bo_fallx2check.wresl
Parsing file: c:\mp2013\callite\dynamicsjrmerge\callite_sacsjr\run\export_ops\nmfs_salmon_bo_dcc.wresl
Parsing file: c:\mp2013\callite\dynamicsjrmerge\callite_sacsjr\run\export_ops\nmfs_salmon_bo_def.wresl
Parsing file: c:\mp2013\callite\dynamicsjrmerge\callite_sacsjr\run\export_ops\nmfs_salmon_bo_sjr.wresl
Parsing file: c:\mp2013\callite\dynamicsjrmerge\callite_sacsjr\run\export_ops\omr\fws_smelt_bo.wresl
Parsing file: c:\mp2013\callite\dynamicsjrmerge\callite_sacsjr\run\export_ops\omr\exp_constraint.wresl
Parsing file: c:\mp2013\callite\dynamicsjrmerge\callite_sacsjr\run\export_ops\omr\omr_constraint.wresl
Parsing file: c:\mp2013\callite\dynamicsjrmerge\callite_sacsjr\run\coa\coa_bo.wresl
Parsing file: c:\mp2013\callite\dynamicsjrmerge\callite_sacsjr\run\wheeling\wheelcap.wresl
Parsing file: c:\mp2013\callite\dynamicsjrmerge\callite_sacsjr\run\wheeling\wheelfixes.wresl
Parsing file: c:\mp2013\callite\dynamicsjrmerge\callite_sacsjr\run\output\cycle_output.wresl
Parsing file: c:\mp2013\callite\dynamicsjrmerge\callite_sacsjr\run\shortage\shortwarning.wresl
Parsing file: c:\mp2013\callite\dynamicsjrmerge\callite_sacsjr\run\flowcriteria\flowcriteria.wresl
Parsing file: c:\mp2013\callite\dynamicsjrmerge\callite_sacsjr\run\flowcriteria\requiredflow.wresl
Parsing file: c:\mp2013\callite\dynamicsjrmerge\callite_sacsjr\run\flowcriteria\extrawaterneeded.wresl
Parsing file: c:\mp2013\callite\dynamicsjrmerge\callite_sacsjr\run\output\dv_ouput.wresl
Parsing file: c:\mp2013\callite\dynamicsjrmerge\callite_sacsjr\run\output\swpcvpdeloutput.wresl
Parsing file: c:\mp2013\callite\dynamicsjrmerge\callite_sacsjr\run\output\sv_output.wresl
Parsing file: c:\mp2013\callite\dynamicsjrmerge\callite_sacsjr\run\output\sjr_cycle_output.wresl
Convert aliases to goals ...
============================================
Wresl+ parsing completed
Total errors: 0
============================================
