============================================
Wresl Checker 3452
============================================
Parsing file: d:\callite\3.1.0_corroboration\callite\callite\run\main.wresl
Parsing file: d:\callite\3.1.0_corroboration\callite\callite\run\fam\misc\general.wresl
Parsing file: d:\callite\3.1.0_corroboration\callite\callite\run\fam\misc\generalinfo_forecasted_camonly2.wresl
Parsing file: d:\callite\3.1.0_corroboration\callite\callite\run\fam\network\channels.wresl
Parsing file: d:\callite\3.1.0_corroboration\callite\callite\run\fam\network\diversions.wresl
Parsing file: d:\callite\3.1.0_corroboration\callite\callite\run\fam\network\inflows_forecasted_90.wresl
Parsing file: d:\callite\3.1.0_corroboration\callite\callite\run\fam\regulations\wyt_forecasted_90.wresl
Parsing file: d:\callite\3.1.0_corroboration\callite\callite\run\fam\demands\orovilledemands_forecasted.wresl
Parsing file: d:\callite\3.1.0_corroboration\callite\callite\run\fam\demands\folsomdemands_forecasted.wresl
Parsing file: d:\callite\3.1.0_corroboration\callite\callite\run\fam\network\evaporation.wresl
Parsing file: d:\callite\3.1.0_corroboration\callite\callite\run\fam\network\noninfeasibility.wresl
Parsing file: d:\callite\3.1.0_corroboration\callite\callite\run\fam\network\storage.wresl
Parsing file: d:\callite\3.1.0_corroboration\callite\callite\run\fam\network\connectivity.wresl
Parsing file: d:\callite\3.1.0_corroboration\callite\callite\run\fam\demands\cvp.wresl
Parsing file: d:\callite\3.1.0_corroboration\callite\callite\run\fam\demands\north_ncp_forecasted.wresl
Parsing file: d:\callite\3.1.0_corroboration\callite\callite\run\fam\demands\south_ncp_forecasted.wresl
Parsing file: d:\callite\3.1.0_corroboration\callite\callite\run\fam\demands\swp_pa.wresl
Parsing file: d:\callite\3.1.0_corroboration\callite\callite\run\fam\operationscriteria\floodconservation.wresl
Parsing file: d:\callite\3.1.0_corroboration\callite\callite\run\fam\operationscriteria\cvp_balancing.wresl
Parsing file: d:\callite\3.1.0_corroboration\callite\callite\run\fam\operationscriteria\swp_carryover_x.wresl
Parsing file: d:\callite\3.1.0_corroboration\callite\callite\run\fam\operationscriteria\if.wresl
Parsing file: d:\callite\3.1.0_corroboration\callite\callite\run\fam\regulations\minimumflows_forecasted.wresl
Parsing file: d:\callite\3.1.0_corroboration\callite\callite\run\fam\regulations\eiratio.wresl
Parsing file: d:\callite\3.1.0_corroboration\callite\callite\run\fam\regulations\aprmayexport.wresl
Parsing file: d:\callite\3.1.0_corroboration\callite\callite\run\fam\regulations\banksincrease.wresl
Parsing file: d:\callite\3.1.0_corroboration\callite\callite\run\fam\regulations\do_forecasted.wresl
Parsing file: d:\callite\3.1.0_corroboration\callite\callite\run\fam\regulations\coa.wresl
Parsing file: d:\callite\3.1.0_corroboration\callite\callite\run\fam\regulations\omr_low.wresl
Parsing file: d:\callite\3.1.0_corroboration\callite\callite\run\fam\regulations\sjr_ie.wresl
Parsing file: d:\callite\3.1.0_corroboration\callite\callite\run\fam\regulations\pumping_limit.wresl
Parsing file: d:\callite\3.1.0_corroboration\callite\callite\run\fam\operationscriteria\art21.wresl
Parsing file: d:\callite\3.1.0_corroboration\callite\callite\run\fam\misc\objective.wresl
Parsing file: d:\callite\3.1.0_corroboration\callite\callite\run\assumptions\options_switches.wresl
Parsing file: d:\callite\3.1.0_corroboration\callite\callite\run\sanjoaquin\dynamic_sjr_setup.wresl
Parsing file: d:\callite\3.1.0_corroboration\callite\callite\run\sanjoaquin\various\definitions\sjr_gwpumpingsplits.wresl
Parsing file: d:\callite\3.1.0_corroboration\callite\callite\run\restoration\aprpartinflow.wresl
Parsing file: d:\callite\3.1.0_corroboration\callite\callite\run\system_sjr\systemtables_sjr\dmc_mp.wresl
Parsing file: d:\callite\3.1.0_corroboration\callite\callite\run\system_sjr\system_sjr.wresl
Parsing file: d:\callite\3.1.0_corroboration\callite\callite\run\system_sjr\systemtables_sjr\inflow-table.wresl
Parsing file: d:\callite\3.1.0_corroboration\callite\callite\run\system_sjr\systemtables_sjr\channel-table.wresl
Parsing file: d:\callite\3.1.0_corroboration\callite\callite\run\system_sjr\systemtables_sjr\delivery-table.wresl
Parsing file: d:\callite\3.1.0_corroboration\callite\callite\run\system_sjr\systemtables_sjr\return-table.wresl
Parsing file: d:\callite\3.1.0_corroboration\callite\callite\run\system_sjr\systemtables_sjr\reservoir-table.wresl
Parsing file: d:\callite\3.1.0_corroboration\callite\callite\run\system_sjr\systemtables_sjr\accrdepl-table.wresl
Parsing file: d:\callite\3.1.0_corroboration\callite\callite\run\system_sjr\systemtables_sjr\connectivity-table.wresl
Parsing file: d:\callite\3.1.0_corroboration\callite\callite\run\sanjoaquin\integratedoperations\integratedoperationscommon1.wresl
Parsing file: d:\callite\3.1.0_corroboration\callite\callite\run\sanjoaquin\integratedoperations\conv_control_0000.wresl
Parsing file: d:\callite\3.1.0_corroboration\callite\callite\run\sanjoaquin\integratedoperations\int_control_00.wresl
Parsing file: d:\callite\3.1.0_corroboration\callite\callite\run\sanjoaquin\integratedoperations\system\usjrs\inflow-table.wresl
Parsing file: d:\callite\3.1.0_corroboration\callite\callite\run\sanjoaquin\integratedoperations\system\system_usjrs_io_base.wresl
Parsing file: d:\callite\3.1.0_corroboration\callite\callite\run\sanjoaquin\integratedoperations\system\usjrs\channel-table.wresl
Parsing file: d:\callite\3.1.0_corroboration\callite\callite\run\sanjoaquin\integratedoperations\system\usjrs\base\reservoir-table.wresl
Parsing file: d:\callite\3.1.0_corroboration\callite\callite\run\sanjoaquin\integratedoperations\system\usjrs\usjr_storage_accounting.wresl
Parsing file: d:\callite\3.1.0_corroboration\callite\callite\run\sanjoaquin\integratedoperations\system\usjrs\connectivity-table.wresl
Parsing file: d:\callite\3.1.0_corroboration\callite\callite\run\wytypes\wytypes.wresl
Parsing file: d:\callite\3.1.0_corroboration\callite\callite\run\system\cycle1thru5systemdefslocal.wresl
Parsing file: d:\callite\3.1.0_corroboration\callite\callite\run\hydrology\forecast\cvpforecasts.wresl
Parsing file: d:\callite\3.1.0_corroboration\callite\callite\run\cvp_dellogic\cvpsysdeliverylogiccycle1.wresl
Parsing file: d:\callite\3.1.0_corroboration\callite\callite\run\cvp_dellogic\cvp_delivery_logic_south\cvp_demands_south.wresl
Parsing file: d:\callite\3.1.0_corroboration\callite\callite\run\cvp_dellogic\cvp_delivery_logic_system\jamesbypass_bankscvpcapacity.wresl
Parsing file: d:\callite\3.1.0_corroboration\callite\callite\run\cvp_dellogic\cvp_delivery_logic_system\sum_cvp_demands_system.wresl
Parsing file: d:\callite\3.1.0_corroboration\callite\callite\run\cvp_dellogic\cvp_delivery_logic_system\wsianddi_cvp_system.wresl
Parsing file: d:\callite\3.1.0_corroboration\callite\callite\run\cvp_dellogic\cvp_delivery_logic_system\delivery_carryover_split_cvp_system.wresl
Parsing file: d:\callite\3.1.0_corroboration\callite\callite\run\cvp_dellogic\cvp_delivery_logic_system\cvpcut_system.wresl
Parsing file: d:\callite\3.1.0_corroboration\callite\callite\run\sanjoaquin\various\definitions\sjr_channelsplits.wresl
Parsing file: d:\callite\3.1.0_corroboration\callite\callite\run\cvp_dellogic\cvpsdeliverylogiccycle1.wresl
Parsing file: d:\callite\3.1.0_corroboration\callite\callite\run\cvp_dellogic\cvp_delivery_logic_south\export_index_delivery_cvp.wresl
Parsing file: d:\callite\3.1.0_corroboration\callite\callite\run\cvp_dellogic\cvp_delivery_logic_south\delcar_cvp_south_b2bo.wresl
Parsing file: d:\callite\3.1.0_corroboration\callite\callite\run\cvp_dellogic\cvp_delivery_logic_south\cvpcut_south.wresl
Parsing file: d:\callite\3.1.0_corroboration\callite\callite\run\cvp_dellogic\cvp_delivery_logic_south\cvp_arcsplit_s_cyc1.wresl
Parsing file: d:\callite\3.1.0_corroboration\callite\callite\run\sanjoaquin\friant\sjrr_rest.wresl
Parsing file: d:\callite\3.1.0_corroboration\callite\callite\run\sanjoaquin\sanjoaquincorea.wresl
Parsing file: d:\callite\3.1.0_corroboration\callite\callite\run\sanjoaquin\various\definitions\sjr_aggreg.wresl
Parsing file: d:\callite\3.1.0_corroboration\callite\callite\run\sanjoaquin\various\definitions\previous_wyt_sjr.wresl
Parsing file: d:\callite\3.1.0_corroboration\callite\callite\run\sanjoaquin\various\definitions\sjr_deliverysplits.wresl
Parsing file: d:\callite\3.1.0_corroboration\callite\callite\run\sanjoaquin\friant\friant.wresl
Parsing file: d:\callite\3.1.0_corroboration\callite\callite\run\sanjoaquin\friant\restoration_16b.wresl
Parsing file: d:\callite\3.1.0_corroboration\callite\callite\run\sanjoaquin\friant\friant_adj_fld_spc.wresl
Parsing file: d:\callite\3.1.0_corroboration\callite\callite\run\sanjoaquin\friant\friant_wsf.wresl
Parsing file: d:\callite\3.1.0_corroboration\callite\callite\run\sanjoaquin\friant\friant_allocation.wresl
Parsing file: d:\callite\3.1.0_corroboration\callite\callite\run\sanjoaquin\friant\friant_delivery.wresl
Parsing file: d:\callite\3.1.0_corroboration\callite\callite\run\sanjoaquin\friant\friant_rain_fld_est.wresl
Parsing file: d:\callite\3.1.0_corroboration\callite\callite\run\sanjoaquin\friant\friant_delivery_adjustments.wresl
Parsing file: d:\callite\3.1.0_corroboration\callite\callite\run\sanjoaquin\friant\friant_operation.wresl
Parsing file: d:\callite\3.1.0_corroboration\callite\callite\run\sanjoaquin\various\definitions\sjr_restrict.wresl
Parsing file: d:\callite\3.1.0_corroboration\callite\callite\run\sanjoaquin\southernsjr\southernsjr_dems.wresl
Parsing file: d:\callite\3.1.0_corroboration\callite\callite\run\sanjoaquin\merced\merced_dems.wresl
Parsing file: d:\callite\3.1.0_corroboration\callite\callite\run\sanjoaquin\tuolumne\tuolumne_dems.wresl
Parsing file: d:\callite\3.1.0_corroboration\callite\callite\run\sanjoaquin\stanislaus\newmelonesforecast.wresl
Parsing file: d:\callite\3.1.0_corroboration\callite\callite\run\sanjoaquin\stanislaus\stan_defs.wresl
Parsing file: d:\callite\3.1.0_corroboration\callite\callite\run\sanjoaquin\stanislaus\stanislaus_dems.wresl
Parsing file: d:\callite\3.1.0_corroboration\callite\callite\run\sanjoaquin\sanjoaquincoreb.wresl
Parsing file: d:\callite\3.1.0_corroboration\callite\callite\run\sanjoaquin\returnflows\westsidereturns_stub.wresl
Parsing file: d:\callite\3.1.0_corroboration\callite\callite\run\sanjoaquin\waterquality\wq_defs_disag.wresl
Parsing file: d:\callite\3.1.0_corroboration\callite\callite\run\sanjoaquin\delta\dwsp_arc_split.wresl
Parsing file: d:\callite\3.1.0_corroboration\callite\callite\run\system_sjr\systemtables_sjr\weight-table.wresl
Parsing file: d:\callite\3.1.0_corroboration\callite\callite\run\sanjoaquin\integratedoperations\integratedoperationscommon2.wresl
Parsing file: d:\callite\3.1.0_corroboration\callite\callite\run\sanjoaquin\integratedoperations\system\usjrs\weight-table.wresl
Parsing file: d:\callite\3.1.0_corroboration\callite\callite\run\sanjoaquin\integratedoperations\tfbypass.wresl
Parsing file: d:\callite\3.1.0_corroboration\callite\callite\run\sanjoaquin\integratedoperations\system\ca\channel-table.wresl
Parsing file: d:\callite\3.1.0_corroboration\callite\callite\run\sanjoaquin\integratedoperations\system\system_fkc_io.wresl
Parsing file: d:\callite\3.1.0_corroboration\callite\callite\run\sanjoaquin\integratedoperations\system\fkc\channel-table.wresl
Parsing file: d:\callite\3.1.0_corroboration\callite\callite\run\sanjoaquin\integratedoperations\system\fkc\delivery-table.wresl
Parsing file: d:\callite\3.1.0_corroboration\callite\callite\run\sanjoaquin\integratedoperations\system\fkc\connectivity-table.wresl
Parsing file: d:\callite\3.1.0_corroboration\callite\callite\run\sanjoaquin\integratedoperations\crossvalleyconveyancearcs2.wresl
Parsing file: d:\callite\3.1.0_corroboration\callite\callite\run\sanjoaquin\integratedoperations\fk_del_dist50.wresl
Parsing file: d:\callite\3.1.0_corroboration\callite\callite\run\sanjoaquin\integratedoperations\system\fkc\weight-table.wresl
Parsing file: d:\callite\3.1.0_corroboration\callite\callite\run\sanjoaquin\integratedoperations\integratedoperationscyc1.wresl
Parsing file: d:\callite\3.1.0_corroboration\callite\callite\run\sanjoaquin\integratedoperations\usjrs_io_off.wresl
Parsing file: d:\callite\3.1.0_corroboration\callite\callite\run\sanjoaquin\integratedoperations\cvc_off.wresl
Parsing file: d:\callite\3.1.0_corroboration\callite\callite\run\sanjoaquin\delta\cosma_dmd.wresl
Parsing file: d:\callite\3.1.0_corroboration\callite\callite\run\sanjoaquin\calaveras\calaveras_dems_stocktondwsp.wresl
Parsing file: d:\callite\3.1.0_corroboration\callite\callite\run\sanjoaquin\delta\cosma_restrict.wresl
Parsing file: d:\callite\3.1.0_corroboration\callite\callite\run\sanjoaquin\friant\sjr_rest_req_local.wresl
Parsing file: d:\callite\3.1.0_corroboration\callite\callite\run\sanjoaquin\delta\zeroaowater.wresl
Parsing file: d:\callite\3.1.0_corroboration\callite\callite\run\sanjoaquin\various\setwsreturns\setwsretcycle1thru5.wresl
Parsing file: d:\callite\3.1.0_corroboration\callite\callite\run\sanjoaquin\purchasedwater\instreamfromoid.wresl
Parsing file: d:\callite\3.1.0_corroboration\callite\callite\run\sanjoaquin\stanislaus\stan_fw_min.wresl
Parsing file: d:\callite\3.1.0_corroboration\callite\callite\run\sanjoaquin\tuolumne\tuol_ferc_min.wresl
Parsing file: d:\callite\3.1.0_corroboration\callite\callite\run\sanjoaquin\various\bounds_cycles\bounds_cycle1.wresl
Parsing file: d:\callite\3.1.0_corroboration\callite\callite\run\sanjoaquin\waterquality\disaggregation\westsidereturns\wsreturnc1_stub.wresl
Parsing file: d:\callite\3.1.0_corroboration\callite\callite\run\sanjoaquin\waterquality\vernalis_wqmin_disag.wresl
Parsing file: d:\callite\3.1.0_corroboration\callite\callite\run\sanjoaquin\groundwater\sjrgw_restrict.wresl
Parsing file: d:\callite\3.1.0_corroboration\callite\callite\run\sanjoaquin\various\bounds_cycles\bounds_cycle2.wresl
Parsing file: d:\callite\3.1.0_corroboration\callite\callite\run\sanjoaquin\friant\sjr_rest_pulse_local.wresl
Parsing file: d:\callite\3.1.0_corroboration\callite\callite\run\sanjoaquin\stanislaus\stan_fw_pulse.wresl
Parsing file: d:\callite\3.1.0_corroboration\callite\callite\run\sanjoaquin\tuolumne\tuol_ferc_pulse.wresl
Parsing file: d:\callite\3.1.0_corroboration\callite\callite\run\sanjoaquin\various\bounds_cycles\bounds_cycle3.wresl
Parsing file: d:\callite\3.1.0_corroboration\callite\callite\run\sanjoaquin\waterquality\disaggregation\westsidereturns\wsreturnc3_stub.wresl
Parsing file: d:\callite\3.1.0_corroboration\callite\callite\run\sanjoaquin\waterquality\vernalis_wqpulse_disag.wresl
Parsing file: d:\callite\3.1.0_corroboration\callite\callite\run\sanjoaquin\various\bounds_cycles\bounds_cycle4.wresl
Parsing file: d:\callite\3.1.0_corroboration\callite\callite\run\sanjoaquin\vamp\vamp_req.wresl
Parsing file: d:\callite\3.1.0_corroboration\callite\callite\run\sanjoaquin\vamp\vamp_alloc.wresl
Parsing file: d:\callite\3.1.0_corroboration\callite\callite\run\sanjoaquin\stanislaus\do.wresl
Parsing file: d:\callite\3.1.0_corroboration\callite\callite\run\sanjoaquin\various\bounds_cycles\bounds_cycle5.wresl
Parsing file: d:\callite\3.1.0_corroboration\callite\callite\run\sanjoaquin\timeseries_sjr_setup.wresl
Parsing file: d:\callite\3.1.0_corroboration\callite\callite\run\swp_dellogic\allocation\co_extfcn.wresl
Parsing file: d:\callite\3.1.0_corroboration\callite\callite\run\system\system.wresl
Parsing file: d:\callite\3.1.0_corroboration\callite\callite\run\system\inflow-table.wresl
Parsing file: d:\callite\3.1.0_corroboration\callite\callite\run\system\channel-table.wresl
Parsing file: d:\callite\3.1.0_corroboration\callite\callite\run\system\reservoir-table.wresl
Parsing file: d:\callite\3.1.0_corroboration\callite\callite\run\system\delivery-table.wresl
Parsing file: d:\callite\3.1.0_corroboration\callite\callite\run\system\accrdepl-table.wresl
Parsing file: d:\callite\3.1.0_corroboration\callite\callite\run\system\sod_swp_terminal_res_ops.wresl
Parsing file: d:\callite\3.1.0_corroboration\callite\callite\run\delta\deltaextfuncs_7inpann_roa0_slr0.wresl
Parsing file: d:\callite\3.1.0_corroboration\callite\callite\run\hydrology\weirs\weir_steps_monthops.wresl
Parsing file: d:\callite\3.1.0_corroboration\callite\callite\run\hydrology\demands\demands_defs.wresl
Parsing file: d:\callite\3.1.0_corroboration\callite\callite\run\hydrology\demands\demands_redblf_defs.wresl
Parsing file: d:\callite\3.1.0_corroboration\callite\callite\run\hydrology\demands\demands_wilkinsslough_defs.wresl
Parsing file: d:\callite\3.1.0_corroboration\callite\callite\run\hydrology\demands\demands_65_defs.wresl
Parsing file: d:\callite\3.1.0_corroboration\callite\callite\run\hydrology\demands\demands_69_defs.wresl
Parsing file: d:\callite\3.1.0_corroboration\callite\callite\run\hydrology\demands\demands_69.wresl
Parsing file: d:\callite\3.1.0_corroboration\callite\callite\run\hydrology\demands\demands_70_defs.wresl
Parsing file: d:\callite\3.1.0_corroboration\callite\callite\run\hydrology\refuges\refuge_defs.wresl
Parsing file: d:\callite\3.1.0_corroboration\callite\callite\run\cvp_dellogic\cvp_delivery_logic_system.wresl
Parsing file: d:\callite\3.1.0_corroboration\callite\callite\run\cvp_dellogic\cvp_delivery_logic_system\sum_cvp_reduced_demands.wresl
Parsing file: d:\callite\3.1.0_corroboration\callite\callite\run\cvp_dellogic\cvp_delivery_logic_south.wresl
Parsing file: d:\callite\3.1.0_corroboration\callite\callite\run\cvp_dellogic\cvp_delivery_logic_south\cvp_arcsplit_south.wresl
Parsing file: d:\callite\3.1.0_corroboration\callite\callite\run\cvp_dellogic\cvp_delivery_logic_south\cvp_bound_del_south.wresl
Parsing file: d:\callite\3.1.0_corroboration\callite\callite\run\cvp_dellogic\cvp_delivery_logic_south\cvp_to_swp_south.wresl
Parsing file: d:\callite\3.1.0_corroboration\callite\callite\run\swp_dellogic\swpdeliverylogic.wresl
Parsing file: d:\callite\3.1.0_corroboration\callite\callite\run\swp_dellogic\demands\swp_arcsplit.wresl
Parsing file: d:\callite\3.1.0_corroboration\callite\callite\run\swp_dellogic\deliveries\sumswpdel.wresl
Parsing file: d:\callite\3.1.0_corroboration\callite\callite\run\swp_dellogic\deliveries\swp_delivery_summary.wresl
Parsing file: d:\callite\3.1.0_corroboration\callite\callite\run\swp_dellogic\wsi_di\wsi_swp.wresl
Parsing file: d:\callite\3.1.0_corroboration\callite\callite\run\swp_dellogic\wsi_di\di_swp.wresl
Parsing file: d:\callite\3.1.0_corroboration\callite\callite\run\swp_dellogic\wsi_di\export_index_swp.wresl
Parsing file: d:\callite\3.1.0_corroboration\callite\callite\run\swp_dellogic\wsi_di\exp_based_del_swp_s.wresl
Parsing file: d:\callite\3.1.0_corroboration\callite\callite\run\swp_dellogic\wsi_di\delcar_swp.wresl
Parsing file: d:\callite\3.1.0_corroboration\callite\callite\run\swp_dellogic\demands\swp_demands_s.wresl
Parsing file: d:\callite\3.1.0_corroboration\callite\callite\run\swp_dellogic\allocation\swp_contractor_perdel_a.wresl
Parsing file: d:\callite\3.1.0_corroboration\callite\callite\run\swp_dellogic\allocation\carryover_allocation.wresl
Parsing file: d:\callite\3.1.0_corroboration\callite\callite\run\swp_dellogic\allocation\swp_contractor_perdel_b.wresl
Parsing file: d:\callite\3.1.0_corroboration\callite\callite\run\swp_dellogic\allocation\swp_feather_perdel.wresl
Parsing file: d:\callite\3.1.0_corroboration\callite\callite\run\swp_dellogic\deliveries\swp_bound_del.wresl
Parsing file: d:\callite\3.1.0_corroboration\callite\callite\run\swp_dellogic\conveyance_limits.wresl
Parsing file: d:\callite\3.1.0_corroboration\callite\callite\run\hydrology\demands\demands.wresl
Parsing file: d:\callite\3.1.0_corroboration\callite\callite\run\hydrology\refuges\refuges.wresl
Parsing file: d:\callite\3.1.0_corroboration\callite\callite\run\hydrology\demands\demands_redblf.wresl
Parsing file: d:\callite\3.1.0_corroboration\callite\callite\run\hydrology\demands\demands_wilkinsslough.wresl
Parsing file: d:\callite\3.1.0_corroboration\callite\callite\run\hydrology\demands\demands_65.wresl
Parsing file: d:\callite\3.1.0_corroboration\callite\callite\run\hydrology\demands\demands_70.wresl
Parsing file: d:\callite\3.1.0_corroboration\callite\callite\run\hydrology\demands\demands_sum_sacame_folsm_nimbus.wresl
Parsing file: d:\callite\3.1.0_corroboration\callite\callite\run\northofdelta\nod.wresl
Parsing file: d:\callite\3.1.0_corroboration\callite\callite\run\northofdelta\american\folrulecurv.wresl
Parsing file: d:\callite\3.1.0_corroboration\callite\callite\run\northofdelta\american\americanmin.wresl
Parsing file: d:\callite\3.1.0_corroboration\callite\callite\run\northofdelta\american\fmstandard.wresl
Parsing file: d:\callite\3.1.0_corroboration\callite\callite\run\northofdelta\american\nimbuspower.wresl
Parsing file: d:\callite\3.1.0_corroboration\callite\callite\run\northofdelta\clear_creek\clear_ck_min.wresl
Parsing file: d:\callite\3.1.0_corroboration\callite\callite\run\northofdelta\trinity\trinrulecurv.wresl
Parsing file: d:\callite\3.1.0_corroboration\callite\callite\run\northofdelta\sacramento\sharulecurv.wresl
Parsing file: d:\callite\3.1.0_corroboration\callite\callite\run\northofdelta\trinity\trinitymin.wresl
Parsing file: d:\callite\3.1.0_corroboration\callite\callite\run\northofdelta\trinity\trinitydampower.wresl
Parsing file: d:\callite\3.1.0_corroboration\callite\callite\run\northofdelta\trinity\trinity_import.wresl
Parsing file: d:\callite\3.1.0_corroboration\callite\callite\run\northofdelta\trinity\lewistonspill.wresl
Parsing file: d:\callite\3.1.0_corroboration\callite\callite\run\northofdelta\sacramento\keswickmin.wresl
Parsing file: d:\callite\3.1.0_corroboration\callite\callite\run\northofdelta\sacramento\keswickpower.wresl
Parsing file: d:\callite\3.1.0_corroboration\callite\callite\run\northofdelta\sacramento\redbluff_bypassflow.wresl
Parsing file: d:\callite\3.1.0_corroboration\callite\callite\run\northofdelta\sacramento\ncp_relax.wresl
Parsing file: d:\callite\3.1.0_corroboration\callite\callite\run\northofdelta\sacramento\setdailyadjmif.wresl
Parsing file: d:\callite\3.1.0_corroboration\callite\callite\run\northofdelta\feather\feather_special.wresl
Parsing file: d:\callite\3.1.0_corroboration\callite\callite\run\northofdelta\feather\ororulecurv.wresl
Parsing file: d:\callite\3.1.0_corroboration\callite\callite\run\northofdelta\feather\thermalitopower.wresl
Parsing file: d:\callite\3.1.0_corroboration\callite\callite\run\northofdelta\balance.wresl
Parsing file: d:\callite\3.1.0_corroboration\callite\callite\run\northofdelta\deliveries\swp_project_del.wresl
Parsing file: d:\callite\3.1.0_corroboration\callite\callite\run\rulecurve\rulecurve.wresl
Parsing file: d:\callite\3.1.0_corroboration\callite\callite\run\rulecurve\swpdeliv_rulecv.wresl
Parsing file: d:\callite\3.1.0_corroboration\callite\callite\run\rulecurve\swprule.wresl
Parsing file: d:\callite\3.1.0_corroboration\callite\callite\run\rulecurve\cvp_delivery_rule_curve.wresl
Parsing file: d:\callite\3.1.0_corroboration\callite\callite\run\delta\chips_days.wresl
Parsing file: d:\callite\3.1.0_corroboration\callite\callite\run\rulecurve\san_luis_levels.wresl
Parsing file: d:\callite\3.1.0_corroboration\callite\callite\run\export_ops\export_ops.wresl
Parsing file: d:\callite\3.1.0_corroboration\callite\callite\run\export_ops\bankssplit.wresl
Parsing file: d:\callite\3.1.0_corroboration\callite\callite\run\export_ops\jonessplit.wresl
Parsing file: d:\callite\3.1.0_corroboration\callite\callite\run\export_ops\banks_limits.wresl
Parsing file: d:\callite\3.1.0_corroboration\callite\callite\run\export_ops\banks_pump_allow.wresl
Parsing file: d:\callite\3.1.0_corroboration\callite\callite\run\export_ops\jones_limits.wresl
Parsing file: d:\callite\3.1.0_corroboration\callite\callite\run\export_ops\jones_pump_allow.wresl
Parsing file: d:\callite\3.1.0_corroboration\callite\callite\run\export_ops\exportratio.wresl
Parsing file: d:\callite\3.1.0_corroboration\callite\callite\run\export_ops\april_may_maxexport.wresl
Parsing file: d:\callite\3.1.0_corroboration\callite\callite\run\export_ops\intertie.wresl
Parsing file: d:\callite\3.1.0_corroboration\callite\callite\run\wheeling\wheelopsvardefines.wresl
Parsing file: d:\callite\3.1.0_corroboration\callite\callite\run\b2actions\basestudyresults.wresl
Parsing file: d:\callite\3.1.0_corroboration\callite\callite\run\b2actions\b2action1repeat.wresl
Parsing file: d:\callite\3.1.0_corroboration\callite\callite\run\system\connectivity-table.wresl
Parsing file: d:\callite\3.1.0_corroboration\callite\callite\run\system\weight-table.wresl
Parsing file: d:\callite\3.1.0_corroboration\callite\callite\run\wheeling\wheelzerocvc.wresl
Parsing file: d:\callite\3.1.0_corroboration\callite\callite\run\wheeling\wheelzerojpod.wresl
Parsing file: d:\callite\3.1.0_corroboration\callite\callite\run\coa\coa_up.wresl
Parsing file: d:\callite\3.1.0_corroboration\callite\callite\run\delta\ann\exportestimate1_up.wresl
Parsing file: d:\callite\3.1.0_corroboration\callite\callite\run\delta\split_iftd.wresl
Parsing file: d:\callite\3.1.0_corroboration\callite\callite\run\delta\delta.wresl
Parsing file: d:\callite\3.1.0_corroboration\callite\callite\run\delta\specprojects.wresl
Parsing file: d:\callite\3.1.0_corroboration\callite\callite\run\delta\vallejo.wresl
Parsing file: d:\callite\3.1.0_corroboration\callite\callite\run\delta\delta-outflow.wresl
Parsing file: d:\callite\3.1.0_corroboration\callite\callite\run\delta\delta_ann.wresl
Parsing file: d:\callite\3.1.0_corroboration\callite\callite\run\delta\ann\anncommon.wresl
Parsing file: d:\callite\3.1.0_corroboration\callite\callite\run\delta\ann\jerseypoint_data.wresl
Parsing file: d:\callite\3.1.0_corroboration\callite\callite\run\delta\ann\rockslough_data.wresl
Parsing file: d:\callite\3.1.0_corroboration\callite\callite\run\delta\ann\emmaton_data.wresl
Parsing file: d:\callite\3.1.0_corroboration\callite\callite\run\delta\ann\collins_data.wresl
Parsing file: d:\callite\3.1.0_corroboration\callite\callite\run\delta\ann\chipps_data.wresl
Parsing file: d:\callite\3.1.0_corroboration\callite\callite\run\delta\ann\ccfb_intake_data.wresl
Parsing file: d:\callite\3.1.0_corroboration\callite\callite\run\delta\ann\antioch_data.wresl
Parsing file: d:\callite\3.1.0_corroboration\callite\callite\run\delta\ann\victoria_intake_data.wresl
Parsing file: d:\callite\3.1.0_corroboration\callite\callite\run\delta\ann\middleriver_data.wresl
Parsing file: d:\callite\3.1.0_corroboration\callite\callite\run\delta\ann\losvaqueros_data.wresl
Parsing file: d:\callite\3.1.0_corroboration\callite\callite\run\delta\ann\cvp_intake_data.wresl
Parsing file: d:\callite\3.1.0_corroboration\callite\callite\run\delta\ann\exportestimate2.wresl
Parsing file: d:\callite\3.1.0_corroboration\callite\callite\run\delta\ann\jerseypoint_est.wresl
Parsing file: d:\callite\3.1.0_corroboration\callite\callite\run\delta\ann\rockslough_est.wresl
Parsing file: d:\callite\3.1.0_corroboration\callite\callite\run\delta\ann\emmaton_est.wresl
Parsing file: d:\callite\3.1.0_corroboration\callite\callite\run\delta\ann\collins_est.wresl
Parsing file: d:\callite\3.1.0_corroboration\callite\callite\run\delta\ann\annsacflow.wresl
Parsing file: d:\callite\3.1.0_corroboration\callite\callite\run\delta\ann\jerseypoint_constrain.wresl
Parsing file: d:\callite\3.1.0_corroboration\callite\callite\run\delta\ann\rockslough_constrain.wresl
Parsing file: d:\callite\3.1.0_corroboration\callite\callite\run\delta\ann\emmaton_constrain.wresl
Parsing file: d:\callite\3.1.0_corroboration\callite\callite\run\delta\ann\collins_constrain.wresl
Parsing file: d:\callite\3.1.0_corroboration\callite\callite\run\delta\ann\negcarriageopslimit.wresl
Parsing file: d:\callite\3.1.0_corroboration\callite\callite\run\delta\ann\jerseypoint_output.wresl
Parsing file: d:\callite\3.1.0_corroboration\callite\callite\run\delta\ann\rockslough_output.wresl
Parsing file: d:\callite\3.1.0_corroboration\callite\callite\run\delta\ann\emmaton_output.wresl
Parsing file: d:\callite\3.1.0_corroboration\callite\callite\run\delta\ann\collins_output.wresl
Parsing file: d:\callite\3.1.0_corroboration\callite\callite\run\delta\ann\ann_coa_mrdo.wresl
Parsing file: d:\callite\3.1.0_corroboration\callite\callite\run\delta\ann\annsjrtimeseries.wresl
Parsing file: d:\callite\3.1.0_corroboration\callite\callite\run\delta\riovista.wresl
Parsing file: d:\callite\3.1.0_corroboration\callite\callite\run\delta\sodeltachannels.wresl
Parsing file: d:\callite\3.1.0_corroboration\callite\callite\run\delta\qwest_constraint.wresl
Parsing file: d:\callite\3.1.0_corroboration\callite\callite\run\delta\xc-gates.wresl
Parsing file: d:\callite\3.1.0_corroboration\callite\callite\run\delta\x2_bo_wq.wresl
Parsing file: d:\callite\3.1.0_corroboration\callite\callite\run\delta\ann\lastx2_ann_km.wresl
Parsing file: d:\callite\3.1.0_corroboration\callite\callite\run\delta\ann\x2days_fws_wq.wresl
Parsing file: d:\callite\3.1.0_corroboration\callite\callite\run\delta\ann\x2req_ann_km.wresl
Parsing file: d:\callite\3.1.0_corroboration\callite\callite\run\delta\final-mrdo.wresl
Parsing file: d:\callite\3.1.0_corroboration\callite\callite\run\delta\if_off.wresl
Parsing file: d:\callite\3.1.0_corroboration\callite\callite\run\shortage\shortage.wresl
Parsing file: d:\callite\3.1.0_corroboration\callite\callite\run\shortage\shortage_cvp_s.wresl
Parsing file: d:\callite\3.1.0_corroboration\callite\callite\run\shortage\shortage_swp.wresl
Parsing file: d:\callite\3.1.0_corroboration\callite\callite\run\ccwd\static_lvem.wresl
Parsing file: d:\callite\3.1.0_corroboration\callite\callite\run\hydrology\weirs\weir_steps_dailyops_upstream.wresl
Parsing file: d:\callite\3.1.0_corroboration\callite\callite\run\hydrology\weirs\read_dailypattern_sacrfreeport.wresl
Parsing file: d:\callite\3.1.0_corroboration\callite\callite\run\hydrology\weirs\weir_steps_dailyops.wresl
Parsing file: d:\callite\3.1.0_corroboration\callite\callite\run\coa\coa.wresl
Parsing file: d:\callite\3.1.0_corroboration\callite\callite\run\delta\ann\exportestimate1.wresl
Parsing file: d:\callite\3.1.0_corroboration\callite\callite\run\hydrology\weirs\weir_steps_dailyops_base.wresl
Parsing file: d:\callite\3.1.0_corroboration\callite\callite\run\b2actions\b2setbaseline.wresl
Parsing file: d:\callite\3.1.0_corroboration\callite\callite\run\b2actions\b2actionsdeltarepeat.wresl
Parsing file: d:\callite\3.1.0_corroboration\callite\callite\run\b2actions\b2vampcommon.wresl
Parsing file: d:\callite\3.1.0_corroboration\callite\callite\run\b2actions\b2action2.wresl
Parsing file: d:\callite\3.1.0_corroboration\callite\callite\run\b2actions\b2action3.wresl
Parsing file: d:\callite\3.1.0_corroboration\callite\callite\run\b2actions\b2action4repeat.wresl
Parsing file: d:\callite\3.1.0_corroboration\callite\callite\run\b2actions\b2action5repeat.wresl
Parsing file: d:\callite\3.1.0_corroboration\callite\callite\run\b2actions\b2action6.wresl
Parsing file: d:\callite\3.1.0_corroboration\callite\callite\run\b2actions\b2action7.wresl
Parsing file: d:\callite\3.1.0_corroboration\callite\callite\run\b2actions\b2banksfix.wresl
Parsing file: d:\callite\3.1.0_corroboration\callite\callite\run\delta\ann\exportestimate1_b2.wresl
Parsing file: d:\callite\3.1.0_corroboration\callite\callite\run\delta\delta_reduced_calls.wresl
Parsing file: d:\callite\3.1.0_corroboration\callite\callite\run\delta\delta_ann_reduced_calls.wresl
Parsing file: d:\callite\3.1.0_corroboration\callite\callite\run\delta\ann\jerseypoint_data_reduced_calls.wresl
Parsing file: d:\callite\3.1.0_corroboration\callite\callite\run\delta\ann\rockslough_data_reduced_calls.wresl
Parsing file: d:\callite\3.1.0_corroboration\callite\callite\run\delta\ann\emmaton_data_reduced_calls.wresl
Parsing file: d:\callite\3.1.0_corroboration\callite\callite\run\delta\ann\collins_data_reduced_calls.wresl
Parsing file: d:\callite\3.1.0_corroboration\callite\callite\run\delta\ann\ccfb_intake_data_reduced_calls.wresl
Parsing file: d:\callite\3.1.0_corroboration\callite\callite\run\delta\ann\victoria_intake_data_reduced_calls.wresl
Parsing file: d:\callite\3.1.0_corroboration\callite\callite\run\delta\ann\middleriver_data_reduced_calls.wresl
Parsing file: d:\callite\3.1.0_corroboration\callite\callite\run\delta\ann\losvaqueros_data_reduced_calls.wresl
Parsing file: d:\callite\3.1.0_corroboration\callite\callite\run\delta\ann\cvp_intake_data_reduced_calls.wresl
Parsing file: d:\callite\3.1.0_corroboration\callite\callite\run\delta\ann\chipps_data_reduced_calls.wresl
Parsing file: d:\callite\3.1.0_corroboration\callite\callite\run\delta\ann\antioch_data_reduced_calls.wresl
Parsing file: d:\callite\3.1.0_corroboration\callite\callite\run\export_ops\omr\delta_rpa_init.wresl
Parsing file: d:\callite\3.1.0_corroboration\callite\callite\run\export_ops\fws_smelt_bo_fallx2check.wresl
Parsing file: d:\callite\3.1.0_corroboration\callite\callite\run\export_ops\nmfs_salmon_bo_dcc.wresl
Parsing file: d:\callite\3.1.0_corroboration\callite\callite\run\export_ops\nmfs_salmon_bo_def.wresl
Parsing file: d:\callite\3.1.0_corroboration\callite\callite\run\export_ops\nmfs_salmon_bo_sjr.wresl
Parsing file: d:\callite\3.1.0_corroboration\callite\callite\run\export_ops\omr\fws_smelt_bo.wresl
Parsing file: d:\callite\3.1.0_corroboration\callite\callite\run\export_ops\omr\exp_constraint.wresl
Parsing file: d:\callite\3.1.0_corroboration\callite\callite\run\export_ops\omr\omr_constraint.wresl
Parsing file: d:\callite\3.1.0_corroboration\callite\callite\run\coa\coa_bo.wresl
Parsing file: d:\callite\3.1.0_corroboration\callite\callite\run\flowcriteria\flowcriteria.wresl
Parsing file: d:\callite\3.1.0_corroboration\callite\callite\run\flowcriteria\requiredflow.wresl
Parsing file: d:\callite\3.1.0_corroboration\callite\callite\run\flowcriteria\extrawaterneeded.wresl
Parsing file: d:\callite\3.1.0_corroboration\callite\callite\run\hydrology\weirs\weir_steps_dailyops_b2_bo.wresl
Parsing file: d:\callite\3.1.0_corroboration\callite\callite\run\wheeling\wheelcap.wresl
Parsing file: d:\callite\3.1.0_corroboration\callite\callite\run\shortage\shortwarning.wresl
Parsing file: d:\callite\3.1.0_corroboration\callite\callite\run\output\cycle_output.wresl
Parsing file: d:\callite\3.1.0_corroboration\callite\callite\run\output\dv_output.wresl
Parsing file: d:\callite\3.1.0_corroboration\callite\callite\run\output\swpcvpdeloutput.wresl
Parsing file: d:\callite\3.1.0_corroboration\callite\callite\run\output\sv_output.wresl
Parsing file: d:\callite\3.1.0_corroboration\callite\callite\run\wheeling\wheelfixes.wresl
Check variables used before defined ...
Convert aliases to goals ...
============================================
Wresl+ parsing completed
Total errors: 0
============================================
