Leaving XACLP, Fnct Value 0 Rc 6 Mem 25045544  00:00:00
 
Entering XARCCM, XAOSL 0A24DAB8 Rc 6 Mem 25045544
RowName 0A3612A0 ColName 0A48AF28 Coef 0A4F8D10 Elem 7
uselast 9
Previously defined limits:
...RowName Size 100 ColName Size 100
...maxrow 37651 maxcol 188250 maxnonzeros 708741
...Cur Problem: Rows 2 Column 1 NonZero 2  00:00:00
Leaving XARCCM, Fnct Value 0 Rc 2 Row 2/37651 Col 1/188250 Nonzro 2/708741 LastTime 0 CumTime 14116 Mem 25045544  00:00:00
 
Entering XASOLV, XAOSL 0A24DAB8 Rc 2 SOLVE 2964 modsts 028DFC40 solsts 028DFC48 Mem 25045544   00:00:00
 
Maximize   Solve Number 2964      V16.61
OBJ: + A
 
Constraints
T: + A  <= -0
 
 
STATISTICS - C:\CalLite\CS2CL\run\ Thu Dec 13 10:59:38 2012 SN: 0 DAYS REMAINING: 0
  XA VERSION 16.61.CalLite DLL (32bit)    USABLE MEMORY 64.0 MBYTE
  ENV ID 2  SOLVE NUMBER 2,964
  VARIABLES 1
     0 LOWER, 0 FIXED, 0 UPPER, 0 FREE
  CONSTRAINTS 2
     0 GE, 0 EQ, 1 LE, 0 NULL/FREE, 0 RANGED
     2 NON-ZEROS WORK 2,086,825
  MAXIMIZATION.
  California Department of Water Resources - 2210900
  CalLite Edition
 
L P   O P T I M A L   S O L U T I O N ---> OBJ: 0.00000
SOLVE 2964 TIME 00:00:00  ITER 2
 
File: C:\CalLite\CS2CL\run\                                      Thu Dec 13 10:59:38 2012 Page 5,927
SOLUTION REPORT - COLUMN ACTIVITY SOLVE NUMBER 2964
NUMBER  .COLUMNS  AT  ...ACTIVITY...  ..INPUT COST..  ..LOWER LIMIT.  ..UPPER LIMIT.  .REDUCED COST.
     0  A         BS          .              1.00000          .                NONE           .
 
 
File: C:\CalLite\CS2CL\run\                                      Thu Dec 13 10:59:38 2012 Page 5,928
CONSTRAINT REPORT - ROW ACTIVITY SOLVE NUMBER 2964
NUMBER  ...ROW..  AT  ...ACTIVITY...  SLACK ACTIVITY  ..LOWER LIMIT.  ..UPPER LIMIT.  .DUAL ACTIVITY
     0  OBJ       BS          .               .                NONE            NONE          1.00000
     1  T         UL          .               .                NONE           .              1.00000
 
Leaving XASOLV, Fnct Value 0 Rc 6 ModSts 1 SolSts 1 Mem 25045544  00:00:00
 
Entering XAMODEL, XAOSL 0A24DAB8 Rc 6 xamodel 0A003348 Req Size 192 Mem 25045544
Exiting XAMODEL, Fnct 0 Rc 6 Row 2 Column 1 Nonzero 2
 
Entering XAACTC, XAOSL 0A24DAB8 Rc 6 Ans 0A0C44A8 len 100 Mem 25045544
Leaving XAACTC, Fnct Value 0 Rc 6 Row OBJ/1 Act 0
 
Entering XAACTC, XAOSL 0A24DAB8 Rc 6 Ans 0A0C4488 len 100 Mem 25045544
Leaving XAACTC, Fnct Value 0 Rc 6 Col A/0 Act 0
 
Entering XADONE, XAOSL 0A24DB98 Rc 6 XAComArea 0BA2F648 Cum 31.621 XA 14.116 Pct 44
