============================================
Wresl Checker 2856
============================================
Parsing study main file: d:\calsim\coa_renegotiation\cs2cl_package_20130923\run\maincs2cl.wresl
Parsing file: d:\calsim\coa_renegotiation\cs2cl_package_20130923\run\maincs2cl.wresl
Sequence: 1 : cycle1   Model: cs2cl1
Sequence: 2 : cycle2   Model: cs2cl2
Sequence: 3 : cycle3   Model: cs2cl3
Sequence: 4 : cycle4   Model: cs2cl4
Processing sequence: 1, model: cs2cl1
Parsing file: d:\calsim\coa_renegotiation\cs2cl_package_20130923\run\cs2cl_ts\ann.wresl
Parsing file: d:\calsim\coa_renegotiation\cs2cl_package_20130923\run\cs2cl_ts\dummy.wresl
Processing sequence: 2, model: cs2cl2
Parsing file: d:\calsim\coa_renegotiation\cs2cl_package_20130923\run\cs2cl_ts\uarm.wresl
Processing sequence: 3, model: cs2cl3
Parsing file: d:\calsim\coa_renegotiation\cs2cl_package_20130923\run\cs2cl_ts\system_files_ts.wresl
Parsing file: d:\calsim\coa_renegotiation\cs2cl_package_20130923\run\cs2cl_ts\hydrology_demands_ts.wresl
Parsing file: d:\calsim\coa_renegotiation\cs2cl_package_20130923\run\cs2cl_ts\cvp_dellogic_ts.wresl
Parsing file: d:\calsim\coa_renegotiation\cs2cl_package_20130923\run\cs2cl_ts\swp_dellogic_ts.wresl
Parsing file: d:\calsim\coa_renegotiation\cs2cl_package_20130923\run\cs2cl_ts\weirs_refuges_ts.wresl
Parsing file: d:\calsim\coa_renegotiation\cs2cl_package_20130923\run\cs2cl_ts\ann_ccwd_nod_wytypes_cycleoutput_ts.wresl
Parsing file: d:\calsim\coa_renegotiation\cs2cl_package_20130923\run\cs2cl_ts\cycle_2_ts.wresl
Parsing file: d:\calsim\coa_renegotiation\cs2cl_package_20130923\run\cs2cl_ts\b2_ts.wresl
Parsing file: d:\calsim\coa_renegotiation\cs2cl_package_20130923\run\cs2cl_ts\bo_ts.wresl
Parsing file: d:\calsim\coa_renegotiation\cs2cl_package_20130923\run\cs2cl_ts\newmelonesforecast.wresl
Parsing file: d:\calsim\coa_renegotiation\cs2cl_package_20130923\run\cs2cl_ts\deltaflowcriteria.wresl
Parsing file: d:\calsim\coa_renegotiation\cs2cl_package_20130923\run\cs2cl_ts\san_joaquin.wresl
Parsing file: d:\calsim\coa_renegotiation\cs2cl_package_20130923\run\cs2cl_ts\san_joaquin_cuaw.wresl
Parsing file: d:\calsim\coa_renegotiation\cs2cl_package_20130923\run\cs2cl_ts\westside_rf_defs.wresl
Parsing file: d:\calsim\coa_renegotiation\cs2cl_package_20130923\run\cs2cl_ts\westsidereturns.wresl
Parsing file: d:\calsim\coa_renegotiation\cs2cl_package_20130923\run\cs2cl_ts\accretion_def.wresl
Parsing file: d:\calsim\coa_renegotiation\cs2cl_package_20130923\run\cs2cl_ts\ws_returns_def.wresl
Parsing file: d:\calsim\coa_renegotiation\cs2cl_package_20130923\run\cs2cl_ts\npd_flow.wresl
Parsing file: d:\calsim\coa_renegotiation\cs2cl_package_20130923\run\cs2cl_ts\npr_flow.wresl
Parsing file: d:\calsim\coa_renegotiation\cs2cl_package_20130923\run\cs2cl_ts\npr_ec.wresl
Parsing file: d:\calsim\coa_renegotiation\cs2cl_package_20130923\run\cs2cl_ts\wsreturnc1.wresl
Parsing file: d:\calsim\coa_renegotiation\cs2cl_package_20130923\run\cs2cl_ts\wsreturnc3.wresl
Parsing file: d:\calsim\coa_renegotiation\cs2cl_package_20130923\run\cs2cl_ts\wsreturnc2.wresl
Parsing file: d:\calsim\coa_renegotiation\cs2cl_package_20130923\run\cs2cl_ts\wsreturnc5.wresl
Processing sequence: 4, model: cs2cl4
Converting some aliases into dvars and constraints....
Finished converting aliases.
============================================
Wresl Parsing complete. 
============================================
==================================================
VariableName[CycleName] checking complete. 
Total errors in the study: 0
==================================================
